==81387== Memcheck, a memory error detector
==81387== Copyright (C) 2002-2017, and GNU GPL'd, by Julian Seward et al.
==81387== Using Valgrind-3.18.1-42b08ed5bd-20211015 and LibVEX; rerun with -h for copyright info
==81387== Command: ./build/main
==81387== Parent PID: 80880
==81387== 
--81387-- 
--81387-- Valgrind options:
--81387--    --leak-check=full
--81387--    --show-leak-kinds=all
--81387--    --track-origins=yes
--81387--    --verbose
--81387--    --log-file=logs/100k.valgrind.txt
--81387-- Contents of /proc/version:
--81387--   Linux version 5.15.0-52-generic (buildd@lcy02-amd64-032) (gcc (Ubuntu 11.2.0-19ubuntu1) 11.2.0, GNU ld (GNU Binutils for Ubuntu) 2.38) #58-Ubuntu SMP Thu Oct 13 08:03:55 UTC 2022
--81387-- 
--81387-- Arch and hwcaps: AMD64, LittleEndian, amd64-cx16-lzcnt-rdtscp-sse3-ssse3-avx-avx2-bmi-f16c-rdrand-rdseed
--81387-- Page sizes: currently 4096, max supported 4096
--81387-- Valgrind library directory: /usr/libexec/valgrind
--81387-- Reading syms from /home/soumitradev/Code/logic-project/build/main
--81387-- Reading syms from /usr/lib/x86_64-linux-gnu/ld-linux-x86-64.so.2
--81387--   Considering /usr/lib/debug/.build-id/61/ef896a699bb1c2e4e231642b2e1688b2f1a61e.debug ..
--81387--   .. build-id is valid
--81387-- Reading syms from /usr/libexec/valgrind/memcheck-amd64-linux
--81387--    object doesn't have a symbol table
--81387--    object doesn't have a dynamic symbol table
--81387-- Scheduler: using generic scheduler lock implementation.
--81387-- Reading suppressions file: /usr/libexec/valgrind/default.supp
==81387== embedded gdbserver: reading from /tmp/vgdb-pipe-from-vgdb-to-81387-by-soumitradev-on-???
==81387== embedded gdbserver: writing to   /tmp/vgdb-pipe-to-vgdb-from-81387-by-soumitradev-on-???
==81387== embedded gdbserver: shared mem   /tmp/vgdb-pipe-shared-mem-vgdb-81387-by-soumitradev-on-???
==81387== 
==81387== TO CONTROL THIS PROCESS USING vgdb (which you probably
==81387== don't want to do, unless you know exactly what you're doing,
==81387== or are doing some strange experiment):
==81387==   /usr/bin/vgdb --pid=81387 ...command...
==81387== 
==81387== TO DEBUG THIS PROCESS USING GDB: start GDB like this
==81387==   /path/to/gdb ./build/main
==81387== and then give GDB the following command
==81387==   target remote | /usr/bin/vgdb --pid=81387
==81387== --pid is optional if only one valgrind process is running
==81387== 
--81387-- REDIR: 0x402aa60 (ld-linux-x86-64.so.2:strlen) redirected to 0x580bcec2 (???)
--81387-- REDIR: 0x402a830 (ld-linux-x86-64.so.2:index) redirected to 0x580bcedc (???)
--81387-- Reading syms from /usr/libexec/valgrind/vgpreload_core-amd64-linux.so
--81387--    object doesn't have a symbol table
--81387-- Reading syms from /usr/libexec/valgrind/vgpreload_memcheck-amd64-linux.so
--81387--    object doesn't have a symbol table
==81387== WARNING: new redirection conflicts with existing -- ignoring it
--81387--     old: 0x0402aa60 (strlen              ) R-> (0000.0) 0x580bcec2 ???
--81387--     new: 0x0402aa60 (strlen              ) R-> (2007.0) 0x0484ee30 strlen
--81387-- REDIR: 0x4027240 (ld-linux-x86-64.so.2:strcmp) redirected to 0x484fcd0 (strcmp)
--81387-- REDIR: 0x402afc0 (ld-linux-x86-64.so.2:mempcpy) redirected to 0x4853840 (mempcpy)
--81387-- Reading syms from /usr/lib/x86_64-linux-gnu/libstdc++.so.6.0.30
--81387--    object doesn't have a symbol table
--81387-- Reading syms from /usr/lib/x86_64-linux-gnu/libgcc_s.so.1
--81387--    object doesn't have a symbol table
--81387-- Reading syms from /usr/lib/x86_64-linux-gnu/libc.so.6
--81387--   Considering /usr/lib/debug/.build-id/69/389d485a9793dbe873f0ea2c93e02efaa9aa3d.debug ..
--81387--   .. build-id is valid
==81387== WARNING: new redirection conflicts with existing -- ignoring it
--81387--     old: 0x04b5ace0 (memalign            ) R-> (1011.0) 0x0484e080 memalign
--81387--     new: 0x04b5ace0 (memalign            ) R-> (1017.0) 0x0484e050 aligned_alloc
==81387== WARNING: new redirection conflicts with existing -- ignoring it
--81387--     old: 0x04b5ace0 (memalign            ) R-> (1011.0) 0x0484e080 memalign
--81387--     new: 0x04b5ace0 (memalign            ) R-> (1017.0) 0x0484e020 aligned_alloc
==81387== WARNING: new redirection conflicts with existing -- ignoring it
--81387--     old: 0x04b5ace0 (memalign            ) R-> (1011.0) 0x0484e080 memalign
--81387--     new: 0x04b5ace0 (memalign            ) R-> (1017.0) 0x0484e050 aligned_alloc
==81387== WARNING: new redirection conflicts with existing -- ignoring it
--81387--     old: 0x04b5ace0 (memalign            ) R-> (1011.0) 0x0484e080 memalign
--81387--     new: 0x04b5ace0 (memalign            ) R-> (1017.0) 0x0484e020 aligned_alloc
--81387-- Reading syms from /usr/lib/x86_64-linux-gnu/libm.so.6
--81387--   Considering /usr/lib/debug/.build-id/27/e82301dba6c3f644404d504e1bb1c97894b433.debug ..
--81387--   .. build-id is valid
--81387-- REDIR: 0x4b5d7a0 (libc.so.6:strnlen) redirected to 0x483f220 (_vgnU_ifunc_wrapper)
--81387-- REDIR: 0x4b5da60 (libc.so.6:strpbrk) redirected to 0x483f220 (_vgnU_ifunc_wrapper)
--81387-- REDIR: 0x4b5d360 (libc.so.6:strcmp) redirected to 0x483f220 (_vgnU_ifunc_wrapper)
--81387-- REDIR: 0x4b7bd50 (libc.so.6:wcsnlen) redirected to 0x483f220 (_vgnU_ifunc_wrapper)
--81387-- REDIR: 0x4b5e750 (libc.so.6:memset) redirected to 0x483f220 (_vgnU_ifunc_wrapper)
--81387-- REDIR: 0x4b7a5c0 (libc.so.6:wcslen) redirected to 0x483f220 (_vgnU_ifunc_wrapper)
--81387-- REDIR: 0x4b5ec90 (libc.so.6:memcpy@@GLIBC_2.14) redirected to 0x483f220 (_vgnU_ifunc_wrapper)
--81387-- REDIR: 0x4b7a3f0 (libc.so.6:wcschr) redirected to 0x483f220 (_vgnU_ifunc_wrapper)
--81387-- REDIR: 0x4b5d2e0 (libc.so.6:index) redirected to 0x483f220 (_vgnU_ifunc_wrapper)
--81387-- REDIR: 0x4b5d9e0 (libc.so.6:rindex) redirected to 0x483f220 (_vgnU_ifunc_wrapper)
--81387-- REDIR: 0x4b5e620 (libc.so.6:memmove) redirected to 0x483f220 (_vgnU_ifunc_wrapper)
==81387== Preferring higher priority redirection:
--81387--     old: 0x04c55940 (__memcpy_avx_unalign) R-> (2018.0) 0x04850f90 __memcpy_avx_unaligned_erms
--81387--     new: 0x04c55940 (__memcpy_avx_unalign) R-> (2018.1) 0x04852880 memmove
--81387-- REDIR: 0x4b7a470 (libc.so.6:wcscmp) redirected to 0x483f220 (_vgnU_ifunc_wrapper)
--81387-- REDIR: 0x4b5ea60 (libc.so.6:stpncpy) redirected to 0x483f220 (_vgnU_ifunc_wrapper)
--81387-- REDIR: 0x4b7aa30 (libc.so.6:wmemchr) redirected to 0x483f220 (_vgnU_ifunc_wrapper)
--81387-- REDIR: 0x4b5d8b0 (libc.so.6:strncmp) redirected to 0x483f220 (_vgnU_ifunc_wrapper)
--81387-- REDIR: 0x4b5eaf0 (libc.so.6:strcasecmp) redirected to 0x483f220 (_vgnU_ifunc_wrapper)
--81387-- REDIR: 0x4b5d4a0 (libc.so.6:strcspn) redirected to 0x483f220 (_vgnU_ifunc_wrapper)
--81387-- REDIR: 0x4b7a4f0 (libc.so.6:wcscpy) redirected to 0x483f220 (_vgnU_ifunc_wrapper)
--81387-- REDIR: 0x4b5d250 (libc.so.6:strcat) redirected to 0x483f220 (_vgnU_ifunc_wrapper)
--81387-- REDIR: 0x4b5ebe0 (libc.so.6:strncasecmp_l) redirected to 0x483f220 (_vgnU_ifunc_wrapper)
--81387-- REDIR: 0x4b5e500 (libc.so.6:bcmp) redirected to 0x483f220 (_vgnU_ifunc_wrapper)
--81387-- REDIR: 0x4b665f0 (libc.so.6:memrchr) redirected to 0x483f220 (_vgnU_ifunc_wrapper)
--81387-- REDIR: 0x4b60090 (libc.so.6:strchrnul) redirected to 0x483f220 (_vgnU_ifunc_wrapper)
--81387-- REDIR: 0x4b5d410 (libc.so.6:strcpy) redirected to 0x483f220 (_vgnU_ifunc_wrapper)
--81387-- REDIR: 0x4b5eb90 (libc.so.6:strcasecmp_l) redirected to 0x483f220 (_vgnU_ifunc_wrapper)
--81387-- REDIR: 0x4b5d720 (libc.so.6:strlen) redirected to 0x483f220 (_vgnU_ifunc_wrapper)
--81387-- REDIR: 0x4b5d950 (libc.so.6:strncpy) redirected to 0x483f220 (_vgnU_ifunc_wrapper)
--81387-- REDIR: 0x4b5e9d0 (libc.so.6:stpcpy) redirected to 0x483f220 (_vgnU_ifunc_wrapper)
--81387-- REDIR: 0x4b5e470 (libc.so.6:memchr) redirected to 0x483f220 (_vgnU_ifunc_wrapper)
--81387-- REDIR: 0x4b5db80 (libc.so.6:strspn) redirected to 0x483f220 (_vgnU_ifunc_wrapper)
--81387-- REDIR: 0x4b5e850 (libc.so.6:mempcpy) redirected to 0x483f220 (_vgnU_ifunc_wrapper)
--81387-- REDIR: 0x4b5eb40 (libc.so.6:strncasecmp) redirected to 0x483f220 (_vgnU_ifunc_wrapper)
--81387-- REDIR: 0x4b60000 (libc.so.6:rawmemchr) redirected to 0x483f220 (_vgnU_ifunc_wrapper)
--81387-- REDIR: 0x4b5b5a0 (libc.so.6:calloc) redirected to 0x484d9d0 (calloc)
--81387-- REDIR: 0x4c52790 (libc.so.6:__strrchr_avx2) redirected to 0x484e810 (rindex)
--81387-- REDIR: 0x4b5a120 (libc.so.6:malloc) redirected to 0x4848820 (malloc)
--81387-- REDIR: 0x4c52960 (libc.so.6:__strlen_avx2) redirected to 0x484ed10 (strlen)
--81387-- REDIR: 0x4c4ec00 (libc.so.6:__memcmp_avx2_movbe) redirected to 0x4852010 (bcmp)
--81387-- REDIR: 0x4c4dac0 (libc.so.6:__strcmp_avx2) redirected to 0x484fbd0 (strcmp)
--81387-- REDIR: 0x49199b0 (libstdc++.so.6:operator new(unsigned long)) redirected to 0x4848fa0 (operator new(unsigned long))
--81387-- REDIR: 0x4c55940 (libc.so.6:__memcpy_avx_unaligned_erms) redirected to 0x4852880 (memmove)
--81387-- REDIR: 0x4917c60 (libstdc++.so.6:operator delete(void*, unsigned long)) redirected to 0x484bb00 (operator delete(void*, unsigned long))
--81387-- REDIR: 0x4919a10 (libstdc++.so.6:operator new[](unsigned long)) redirected to 0x484a280 (operator new[](unsigned long))
--81387-- REDIR: 0x4917c80 (libstdc++.so.6:operator delete[](void*)) redirected to 0x484ca20 (operator delete[](void*))
--81387-- REDIR: 0x4c55900 (libc.so.6:__mempcpy_avx_unaligned_erms) redirected to 0x4853440 (mempcpy)
--81387-- REDIR: 0x4c56100 (libc.so.6:__memset_avx2_unaligned_erms) redirected to 0x4852770 (memset)
==81387== 
==81387== Process terminating with default action of signal 27 (SIGPROF)
==81387==    at 0x4BCEBCA: __open_nocancel (open64_nocancel.c:39)
==81387==    by 0x4BDD71F: write_gmon (gmon.c:370)
==81387==    by 0x4BDDF8E: _mcleanup (gmon.c:444)
==81387==    by 0x4AFAA55: __cxa_finalize (cxa_finalize.c:83)
==81387==    by 0x10B5E6: ??? (in /home/soumitradev/Code/logic-project/build/main)
==81387==    by 0x400624D: _dl_fini (dl-fini.c:142)
==81387==    by 0x4AFA494: __run_exit_handlers (exit.c:113)
==81387==    by 0x4AFA60F: exit (exit.c:143)
==81387==    by 0x4ADED96: (below main) (libc_start_call_main.h:74)
==81387== 
==81387== HEAP SUMMARY:
==81387==     in use at exit: 137,824 bytes in 4 blocks
==81387==   total heap usage: 66,732 allocs, 66,728 frees, 3,052,015 bytes allocated
==81387== 
==81387== Searching for pointers to 4 not-freed blocks
==81387== Checked 213,000 bytes
==81387== 
==81387== 1,024 bytes in 1 blocks are still reachable in loss record 1 of 4
==81387==    at 0x4848899: malloc (in /usr/libexec/valgrind/vgpreload_memcheck-amd64-linux.so)
==81387==    by 0x4B33C23: _IO_file_doallocate (filedoalloc.c:101)
==81387==    by 0x4B42D5F: _IO_doallocbuf (genops.c:347)
==81387==    by 0x4B41FDF: _IO_file_overflow@@GLIBC_2.2.5 (fileops.c:744)
==81387==    by 0x4B40754: _IO_new_file_xsputn (fileops.c:1243)
==81387==    by 0x4B40754: _IO_file_xsputn@@GLIBC_2.2.5 (fileops.c:1196)
==81387==    by 0x4B35056: fwrite (iofwrite.c:39)
==81387==    by 0x49A7B34: std::basic_ostream<char, std::char_traits<char> >& std::__ostream_insert<char, std::char_traits<char> >(std::basic_ostream<char, std::char_traits<char> >&, char const*, long) (in /usr/lib/x86_64-linux-gnu/libstdc++.so.6.0.30)
==81387==    by 0x49A7E8A: std::basic_ostream<char, std::char_traits<char> >& std::operator<< <std::char_traits<char> >(std::basic_ostream<char, std::char_traits<char> >&, char const*) (in /usr/lib/x86_64-linux-gnu/libstdc++.so.6.0.30)
==81387==    by 0x10CBA4: main (in /home/soumitradev/Code/logic-project/build/main)
==81387== 
==81387== 4,096 bytes in 1 blocks are still reachable in loss record 2 of 4
==81387==    at 0x4848899: malloc (in /usr/libexec/valgrind/vgpreload_memcheck-amd64-linux.so)
==81387==    by 0x4B33C23: _IO_file_doallocate (filedoalloc.c:101)
==81387==    by 0x4B42D5F: _IO_doallocbuf (genops.c:347)
==81387==    by 0x4B41D5B: _IO_file_underflow@@GLIBC_2.2.5 (fileops.c:485)
==81387==    by 0x4B42E15: _IO_default_uflow (genops.c:362)
==81387==    by 0x497D6F0: __gnu_cxx::stdio_sync_filebuf<char, std::char_traits<char> >::underflow() (in /usr/lib/x86_64-linux-gnu/libstdc++.so.6.0.30)
==81387==    by 0x498B7F5: std::istream::sentry::sentry(std::istream&, bool) (in /usr/lib/x86_64-linux-gnu/libstdc++.so.6.0.30)
==81387==    by 0x49331A6: std::basic_istream<char, std::char_traits<char> >& std::operator>><char, std::char_traits<char>, std::allocator<char> >(std::basic_istream<char, std::char_traits<char> >&, std::__cxx11::basic_string<char, std::char_traits<char>, std::allocator<char> >&) (in /usr/lib/x86_64-linux-gnu/libstdc++.so.6.0.30)
==81387==    by 0x10CAFB: main (in /home/soumitradev/Code/logic-project/build/main)
==81387== 
==81387== 60,000 bytes in 1 blocks are still reachable in loss record 3 of 4
==81387==    at 0x484DA83: calloc (in /usr/libexec/valgrind/vgpreload_memcheck-amd64-linux.so)
==81387==    by 0x4BDDDC2: monstartup (gmon.c:153)
==81387==    by 0x10B520: __gmon_start__ (in /home/soumitradev/Code/logic-project/build/main)
==81387==    by 0x4848015: ??? (in /usr/libexec/valgrind/vgpreload_memcheck-amd64-linux.so)
==81387==    by 0x4000D57: ??? (in /usr/lib/x86_64-linux-gnu/ld-linux-x86-64.so.2)
==81387==    by 0x4006439: call_init.part.0 (dl-init.c:56)
==81387==    by 0x40065F8: call_init (dl-init.c:33)
==81387==    by 0x40065F8: _dl_init (dl-init.c:84)
==81387==    by 0x40202E9: ??? (in /usr/lib/x86_64-linux-gnu/ld-linux-x86-64.so.2)
==81387== 
==81387== 72,704 bytes in 1 blocks are still reachable in loss record 4 of 4
==81387==    at 0x4848899: malloc (in /usr/libexec/valgrind/vgpreload_memcheck-amd64-linux.so)
==81387==    by 0x4915979: ??? (in /usr/lib/x86_64-linux-gnu/libstdc++.so.6.0.30)
==81387==    by 0x400647D: call_init.part.0 (dl-init.c:70)
==81387==    by 0x4006567: call_init (dl-init.c:33)
==81387==    by 0x4006567: _dl_init (dl-init.c:117)
==81387==    by 0x40202E9: ??? (in /usr/lib/x86_64-linux-gnu/ld-linux-x86-64.so.2)
==81387== 
==81387== LEAK SUMMARY:
==81387==    definitely lost: 0 bytes in 0 blocks
==81387==    indirectly lost: 0 bytes in 0 blocks
==81387==      possibly lost: 0 bytes in 0 blocks
==81387==    still reachable: 137,824 bytes in 4 blocks
==81387==         suppressed: 0 bytes in 0 blocks
==81387== 
==81387== ERROR SUMMARY: 0 errors from 0 contexts (suppressed: 0 from 0)
