==87516== Memcheck, a memory error detector
==87516== Copyright (C) 2002-2017, and GNU GPL'd, by Julian Seward et al.
==87516== Using Valgrind-3.18.1-42b08ed5bd-20211015 and LibVEX; rerun with -h for copyright info
==87516== Command: ./build/main
==87516== Parent PID: 80063
==87516== 
--87516-- 
--87516-- Valgrind options:
--87516--    --leak-check=full
--87516--    --show-leak-kinds=all
--87516--    --track-origins=yes
--87516--    --verbose
--87516--    --log-file=logs/1m.memcheck.log
--87516--    --main-stacksize=9999999999
--87516-- Contents of /proc/version:
--87516--   Linux version 5.15.0-52-generic (buildd@lcy02-amd64-032) (gcc (Ubuntu 11.2.0-19ubuntu1) 11.2.0, GNU ld (GNU Binutils for Ubuntu) 2.38) #58-Ubuntu SMP Thu Oct 13 08:03:55 UTC 2022
--87516-- 
--87516-- Arch and hwcaps: AMD64, LittleEndian, amd64-cx16-lzcnt-rdtscp-sse3-ssse3-avx-avx2-bmi-f16c-rdrand-rdseed
--87516-- Page sizes: currently 4096, max supported 4096
--87516-- Valgrind library directory: /usr/libexec/valgrind
--87516-- Reading syms from /home/soumitradev/Code/logic-project/build/main
--87516-- Reading syms from /usr/lib/x86_64-linux-gnu/ld-linux-x86-64.so.2
--87516--   Considering /usr/lib/debug/.build-id/61/ef896a699bb1c2e4e231642b2e1688b2f1a61e.debug ..
--87516--   .. build-id is valid
--87516-- Reading syms from /usr/libexec/valgrind/memcheck-amd64-linux
--87516--    object doesn't have a symbol table
--87516--    object doesn't have a dynamic symbol table
--87516-- Scheduler: using generic scheduler lock implementation.
--87516-- Reading suppressions file: /usr/libexec/valgrind/default.supp
==87516== embedded gdbserver: reading from /tmp/vgdb-pipe-from-vgdb-to-87516-by-soumitradev-on-???
==87516== embedded gdbserver: writing to   /tmp/vgdb-pipe-to-vgdb-from-87516-by-soumitradev-on-???
==87516== embedded gdbserver: shared mem   /tmp/vgdb-pipe-shared-mem-vgdb-87516-by-soumitradev-on-???
==87516== 
==87516== TO CONTROL THIS PROCESS USING vgdb (which you probably
==87516== don't want to do, unless you know exactly what you're doing,
==87516== or are doing some strange experiment):
==87516==   /usr/bin/vgdb --pid=87516 ...command...
==87516== 
==87516== TO DEBUG THIS PROCESS USING GDB: start GDB like this
==87516==   /path/to/gdb ./build/main
==87516== and then give GDB the following command
==87516==   target remote | /usr/bin/vgdb --pid=87516
==87516== --pid is optional if only one valgrind process is running
==87516== 
--87516-- REDIR: 0x402aa60 (ld-linux-x86-64.so.2:strlen) redirected to 0x580bcec2 (???)
--87516-- REDIR: 0x402a830 (ld-linux-x86-64.so.2:index) redirected to 0x580bcedc (???)
--87516-- Reading syms from /usr/libexec/valgrind/vgpreload_core-amd64-linux.so
--87516--    object doesn't have a symbol table
--87516-- Reading syms from /usr/libexec/valgrind/vgpreload_memcheck-amd64-linux.so
--87516--    object doesn't have a symbol table
==87516== WARNING: new redirection conflicts with existing -- ignoring it
--87516--     old: 0x0402aa60 (strlen              ) R-> (0000.0) 0x580bcec2 ???
--87516--     new: 0x0402aa60 (strlen              ) R-> (2007.0) 0x0484ee30 strlen
--87516-- REDIR: 0x4027240 (ld-linux-x86-64.so.2:strcmp) redirected to 0x484fcd0 (strcmp)
--87516-- REDIR: 0x402afc0 (ld-linux-x86-64.so.2:mempcpy) redirected to 0x4853840 (mempcpy)
--87516-- Reading syms from /usr/lib/x86_64-linux-gnu/libstdc++.so.6.0.30
--87516--    object doesn't have a symbol table
--87516-- Reading syms from /usr/lib/x86_64-linux-gnu/libgcc_s.so.1
--87516--    object doesn't have a symbol table
--87516-- Reading syms from /usr/lib/x86_64-linux-gnu/libc.so.6
--87516--   Considering /usr/lib/debug/.build-id/69/389d485a9793dbe873f0ea2c93e02efaa9aa3d.debug ..
--87516--   .. build-id is valid
==87516== WARNING: new redirection conflicts with existing -- ignoring it
--87516--     old: 0x04b5ace0 (memalign            ) R-> (1011.0) 0x0484e080 memalign
--87516--     new: 0x04b5ace0 (memalign            ) R-> (1017.0) 0x0484e050 aligned_alloc
==87516== WARNING: new redirection conflicts with existing -- ignoring it
--87516--     old: 0x04b5ace0 (memalign            ) R-> (1011.0) 0x0484e080 memalign
--87516--     new: 0x04b5ace0 (memalign            ) R-> (1017.0) 0x0484e020 aligned_alloc
==87516== WARNING: new redirection conflicts with existing -- ignoring it
--87516--     old: 0x04b5ace0 (memalign            ) R-> (1011.0) 0x0484e080 memalign
--87516--     new: 0x04b5ace0 (memalign            ) R-> (1017.0) 0x0484e050 aligned_alloc
==87516== WARNING: new redirection conflicts with existing -- ignoring it
--87516--     old: 0x04b5ace0 (memalign            ) R-> (1011.0) 0x0484e080 memalign
--87516--     new: 0x04b5ace0 (memalign            ) R-> (1017.0) 0x0484e020 aligned_alloc
--87516-- Reading syms from /usr/lib/x86_64-linux-gnu/libm.so.6
--87516--   Considering /usr/lib/debug/.build-id/27/e82301dba6c3f644404d504e1bb1c97894b433.debug ..
--87516--   .. build-id is valid
--87516-- REDIR: 0x4b5d7a0 (libc.so.6:strnlen) redirected to 0x483f220 (_vgnU_ifunc_wrapper)
--87516-- REDIR: 0x4b5da60 (libc.so.6:strpbrk) redirected to 0x483f220 (_vgnU_ifunc_wrapper)
--87516-- REDIR: 0x4b5d360 (libc.so.6:strcmp) redirected to 0x483f220 (_vgnU_ifunc_wrapper)
--87516-- REDIR: 0x4b7bd50 (libc.so.6:wcsnlen) redirected to 0x483f220 (_vgnU_ifunc_wrapper)
--87516-- REDIR: 0x4b5e750 (libc.so.6:memset) redirected to 0x483f220 (_vgnU_ifunc_wrapper)
--87516-- REDIR: 0x4b7a5c0 (libc.so.6:wcslen) redirected to 0x483f220 (_vgnU_ifunc_wrapper)
--87516-- REDIR: 0x4b5ec90 (libc.so.6:memcpy@@GLIBC_2.14) redirected to 0x483f220 (_vgnU_ifunc_wrapper)
--87516-- REDIR: 0x4b7a3f0 (libc.so.6:wcschr) redirected to 0x483f220 (_vgnU_ifunc_wrapper)
--87516-- REDIR: 0x4b5d2e0 (libc.so.6:index) redirected to 0x483f220 (_vgnU_ifunc_wrapper)
--87516-- REDIR: 0x4b5d9e0 (libc.so.6:rindex) redirected to 0x483f220 (_vgnU_ifunc_wrapper)
--87516-- REDIR: 0x4b5e620 (libc.so.6:memmove) redirected to 0x483f220 (_vgnU_ifunc_wrapper)
==87516== Preferring higher priority redirection:
--87516--     old: 0x04c55940 (__memcpy_avx_unalign) R-> (2018.0) 0x04850f90 __memcpy_avx_unaligned_erms
--87516--     new: 0x04c55940 (__memcpy_avx_unalign) R-> (2018.1) 0x04852880 memmove
--87516-- REDIR: 0x4b7a470 (libc.so.6:wcscmp) redirected to 0x483f220 (_vgnU_ifunc_wrapper)
--87516-- REDIR: 0x4b5ea60 (libc.so.6:stpncpy) redirected to 0x483f220 (_vgnU_ifunc_wrapper)
--87516-- REDIR: 0x4b7aa30 (libc.so.6:wmemchr) redirected to 0x483f220 (_vgnU_ifunc_wrapper)
--87516-- REDIR: 0x4b5d8b0 (libc.so.6:strncmp) redirected to 0x483f220 (_vgnU_ifunc_wrapper)
--87516-- REDIR: 0x4b5eaf0 (libc.so.6:strcasecmp) redirected to 0x483f220 (_vgnU_ifunc_wrapper)
--87516-- REDIR: 0x4b5d4a0 (libc.so.6:strcspn) redirected to 0x483f220 (_vgnU_ifunc_wrapper)
--87516-- REDIR: 0x4b7a4f0 (libc.so.6:wcscpy) redirected to 0x483f220 (_vgnU_ifunc_wrapper)
--87516-- REDIR: 0x4b5d250 (libc.so.6:strcat) redirected to 0x483f220 (_vgnU_ifunc_wrapper)
--87516-- REDIR: 0x4b5ebe0 (libc.so.6:strncasecmp_l) redirected to 0x483f220 (_vgnU_ifunc_wrapper)
--87516-- REDIR: 0x4b5e500 (libc.so.6:bcmp) redirected to 0x483f220 (_vgnU_ifunc_wrapper)
--87516-- REDIR: 0x4b665f0 (libc.so.6:memrchr) redirected to 0x483f220 (_vgnU_ifunc_wrapper)
--87516-- REDIR: 0x4b60090 (libc.so.6:strchrnul) redirected to 0x483f220 (_vgnU_ifunc_wrapper)
--87516-- REDIR: 0x4b5d410 (libc.so.6:strcpy) redirected to 0x483f220 (_vgnU_ifunc_wrapper)
--87516-- REDIR: 0x4b5eb90 (libc.so.6:strcasecmp_l) redirected to 0x483f220 (_vgnU_ifunc_wrapper)
--87516-- REDIR: 0x4b5d720 (libc.so.6:strlen) redirected to 0x483f220 (_vgnU_ifunc_wrapper)
--87516-- REDIR: 0x4b5d950 (libc.so.6:strncpy) redirected to 0x483f220 (_vgnU_ifunc_wrapper)
--87516-- REDIR: 0x4b5e9d0 (libc.so.6:stpcpy) redirected to 0x483f220 (_vgnU_ifunc_wrapper)
--87516-- REDIR: 0x4b5e470 (libc.so.6:memchr) redirected to 0x483f220 (_vgnU_ifunc_wrapper)
--87516-- REDIR: 0x4b5db80 (libc.so.6:strspn) redirected to 0x483f220 (_vgnU_ifunc_wrapper)
--87516-- REDIR: 0x4b5e850 (libc.so.6:mempcpy) redirected to 0x483f220 (_vgnU_ifunc_wrapper)
--87516-- REDIR: 0x4b5eb40 (libc.so.6:strncasecmp) redirected to 0x483f220 (_vgnU_ifunc_wrapper)
--87516-- REDIR: 0x4b60000 (libc.so.6:rawmemchr) redirected to 0x483f220 (_vgnU_ifunc_wrapper)
--87516-- REDIR: 0x4c52790 (libc.so.6:__strrchr_avx2) redirected to 0x484e810 (rindex)
--87516-- REDIR: 0x4b5a120 (libc.so.6:malloc) redirected to 0x4848820 (malloc)
--87516-- REDIR: 0x4c52960 (libc.so.6:__strlen_avx2) redirected to 0x484ed10 (strlen)
--87516-- REDIR: 0x4c4ec00 (libc.so.6:__memcmp_avx2_movbe) redirected to 0x4852010 (bcmp)
--87516-- REDIR: 0x4c4dac0 (libc.so.6:__strcmp_avx2) redirected to 0x484fbd0 (strcmp)
--87516-- REDIR: 0x49199b0 (libstdc++.so.6:operator new(unsigned long)) redirected to 0x4848fa0 (operator new(unsigned long))
--87516-- REDIR: 0x4c55940 (libc.so.6:__memcpy_avx_unaligned_erms) redirected to 0x4852880 (memmove)
--87516-- REDIR: 0x4917c60 (libstdc++.so.6:operator delete(void*, unsigned long)) redirected to 0x484bb00 (operator delete(void*, unsigned long))
--87516-- REDIR: 0x4919a10 (libstdc++.so.6:operator new[](unsigned long)) redirected to 0x484a280 (operator new[](unsigned long))
--87516-- REDIR: 0x4917c80 (libstdc++.so.6:operator delete[](void*)) redirected to 0x484ca20 (operator delete[](void*))
--87516-- REDIR: 0x4c55900 (libc.so.6:__mempcpy_avx_unaligned_erms) redirected to 0x4853440 (mempcpy)
--87516-- REDIR: 0x4c56100 (libc.so.6:__memset_avx2_unaligned_erms) redirected to 0x4852770 (memset)
--87516-- REDIR: 0x4b5a460 (libc.so.6:free) redirected to 0x484b210 (free)
==87516== 
==87516== HEAP SUMMARY:
==87516==     in use at exit: 0 bytes in 0 blocks
==87516==   total heap usage: 666,743 allocs, 666,743 frees, 26,990,808 bytes allocated
==87516== 
==87516== All heap blocks were freed -- no leaks are possible
==87516== 
==87516== ERROR SUMMARY: 0 errors from 0 contexts (suppressed: 0 from 0)
