--------------------------------------------------------------------------------
Command:            ./build/main
Massif arguments:   --heap=yes --stacks=yes
ms_print arguments: massif.out.61582 --threshold=100.0
--------------------------------------------------------------------------------


    MB
59.33^                                                     #
     |                                                     #
     |                                                     #
     |                                                    @#
     |                                                    @#          :@
     |                                                   @@#        :::@
     |                                                   @@#       ::::@::
     |                                                  @@@#     ::::::@::
     |                                                  @@@#    :@:::::@:::
     |                                                  @@@#  :::@:::::@:::
     |                                                 @@@@# ::::@:::::@:::::@
     |                                                 @@@@#:::::@:::::@:::::@
     |                                                 @@@@#:::::@:::::@:::::@
     |                                               @@@@@@#:::::@:::::@:::::@
     |                                               @ @@@@#:::::@:::::@:::::@
     |                                               @ @@@@#:::::@:::::@:::::@
     |                                              @@ @@@@#:::::@:::::@:::::@
     |                                              @@ @@@@#:::::@:::::@:::::@
     |                                             @@@ @@@@#:::::@:::::@:::::@
     |            ::::@:@:::@@::@::::::@::@::::::::@@@ @@@@#:::::@:::::@:::::@
   0 +----------------------------------------------------------------------->Gi
     0                                                                   1.060

Number of snapshots: 74
 Detailed snapshots: [4, 5, 13, 15, 19, 22, 27, 29, 38, 39, 40, 41, 42, 43, 44, 45 (peak), 52, 62, 72]

--------------------------------------------------------------------------------
  n        time(i)         total(B)   useful-heap(B) extra-heap(B)    stacks(B)
--------------------------------------------------------------------------------
  0              0                0                0             0            0
  1     27,282,309          324,200          323,585            47          568
  2     46,830,642          569,960          569,345            47          568
  3     66,837,831          569,960          569,345            47          568
  4     80,387,733        1,061,496        1,060,865            47          584
  5    103,245,413        1,061,480        1,060,865            47          568
  6    128,354,498        1,061,480        1,060,865            47          568
  7    151,754,874        2,044,552        2,043,905            47          600
  8    170,813,209        2,044,552        2,043,905            47          600
  9    197,502,733        3,378,024        3,377,240            88          696
 10    212,466,853        3,378,024        3,377,240            88          696
 11    227,430,973        3,378,024        3,377,240            88          696
 12    242,395,093        3,378,024        3,377,240            88          696
 13    257,359,213        3,378,024        3,377,240            88          696
 14    273,084,197        3,378,024        3,377,240            88          696
 15    287,432,298        3,378,024        3,377,240            88          696
 16    301,780,399        3,378,024        3,377,240            88          696
 17    316,128,500        3,378,024        3,377,240            88          696
 18    332,885,867        3,443,424        3,442,775            73          576
 19    361,411,805        4,164,488        4,163,671            81          736
 20    382,313,539        3,933,096        3,932,248            96          752
 21    396,661,618        3,963,784        3,962,968            96          720
 22    425,052,151        4,271,296        4,270,169           119        1,008
 23    441,791,592        4,147,952        4,147,288            96          568
 24    465,705,086        4,148,048        4,147,288            96          664
 25    491,894,523        4,393,928        4,393,048            96          784
 26    515,808,001        4,393,712        4,393,048            96          568
 27    533,743,118        4,393,864        4,393,048            96          720
 28    551,678,244        4,393,808        4,393,048            96          664
 29    571,773,477        5,377,216        5,376,089           119        1,008
 30    583,730,220        4,885,232        4,884,568            96          568
 31    607,643,695        4,885,280        4,884,568            96          616
 32    625,578,805        4,885,272        4,884,568            96          608
 33    637,535,546        4,885,232        4,884,568            96          568
 34    655,470,653        4,885,408        4,884,568            96          744
 35    673,405,769        4,885,312        4,884,568            96          648
 36    685,362,512        4,885,312        4,884,568            96          648
 37    703,297,619        4,885,360        4,884,568            96          696
 38    720,511,539        9,113,912        5,171,654       985,474    2,956,784
 39    733,935,525       14,991,096        6,774,518     2,054,066    6,162,512
 40    756,012,223       24,656,544        9,410,558     3,811,426   11,434,560
 41    777,130,702       33,902,392       11,932,166     5,492,498   16,477,728
 42    792,320,461       40,552,688       13,745,870     6,701,634   20,105,184
 43    808,307,008       47,551,720       15,654,710     7,974,194   23,922,816
 44    827,052,055       55,758,560       17,892,926     9,466,338   28,399,296
 45    841,784,487       62,208,552       19,652,006    10,639,058   31,917,488
 46    860,915,209       30,951,752       19,088,395    10,666,813    1,196,544
 47    880,045,939       33,139,216       19,149,835    10,666,813    3,322,568
 48    889,611,302       34,314,936       19,272,715    10,666,813    4,375,408
 49    908,742,024       36,447,888       19,272,715    10,666,813    6,508,360
 50    918,307,391       37,514,384       19,272,715    10,666,813    7,574,856
 51    927,872,760       38,799,312       19,518,475    10,666,813    8,614,024
 52    937,438,138       39,865,752       19,518,475    10,666,813    9,680,464
 53    947,003,503       40,932,240       19,518,475    10,666,813   10,746,952
 54    956,568,877       41,998,968       19,518,475    10,666,813   11,813,680
 55    966,134,247       43,065,360       19,518,475    10,666,813   12,880,072
 56    975,699,613       44,131,992       19,518,475    10,666,813   13,946,704
 57    985,264,981       45,198,352       19,518,475    10,666,813   15,013,064
 58    994,830,352       46,701,520       20,009,995    10,666,813   16,024,712
 59  1,004,395,719       47,768,016       20,009,995    10,666,813   17,091,208
 60  1,013,961,083       48,834,712       20,009,995    10,666,813   18,157,904
 61  1,023,526,446       49,901,136       20,009,995    10,666,813   19,224,328
 62  1,033,091,812       50,967,768       20,009,995    10,666,813   20,290,960
 63  1,042,657,178       48,648,408       20,009,995    10,666,813   17,971,600
 64  1,052,222,550       45,149,536       20,009,995    10,666,813   14,472,728
 65  1,061,787,924       43,956,016       20,009,995    10,666,813   13,279,208
 66  1,071,353,295       40,955,104       20,009,995    10,666,813   10,278,296
 67  1,080,918,658       37,954,152       20,009,995    10,666,813    7,277,344
 68  1,090,484,030       34,953,328       20,009,995    10,666,813    4,276,520
 69  1,100,049,399       31,952,416       20,009,995    10,666,813    1,275,608
 70  1,109,614,764       31,284,776       18,187,435     9,451,725    3,645,616
 71  1,119,180,138       32,347,616       14,998,963     7,326,077   10,022,576
 72  1,128,745,509       31,795,008       11,587,555     5,051,805   15,155,648
 73  1,138,310,873        7,037,496        4,835,539       550,461    1,651,496
